<?xml version="1.0" encoding="UTF-8"?>
<!-- Generated by org.testng.reporters.JUnitReportReporter -->
<testsuite hostname="hp" name="myJenkinsTest.MyJenkinsTest" tests="1" failures="0" timestamp="22 Sep 2019 06:40:10 GMT" time="46.199" errors="0">
  <testcase name="VarifyTitle" time="46.199" classname="myJenkinsTest.MyJenkinsTest"/>
</testsuite> <!-- myJenkinsTest.MyJenkinsTest -->
